INFO     [root] Logging system initialized - Console and file logging active
2026-03-25 01:53:27 - root - INFO - Logging system initialized - Console and file logging active
INFO:     Started server process [16393]
INFO:     Waiting for application startup.
INFO     [app.main] Application startup - Manus AI Agent initializing
2026-03-25 01:53:27 - app.main - INFO - Application startup - Manus AI Agent initializing
INFO     [app.infrastructure.storage.mongodb] Successfully connected to MongoDB
2026-03-25 01:53:27 - app.infrastructure.storage.mongodb - INFO - Successfully connected to MongoDB
INFO     [app.main] Successfully initialized Beanie
2026-03-25 01:53:28 - app.main - INFO - Successfully initialized Beanie
INFO     [app.infrastructure.storage.redis] Successfully connected to Redis
2026-03-25 01:53:29 - app.infrastructure.storage.redis - INFO - Successfully connected to Redis
INFO:     Application startup complete.
INFO:     Uvicorn running on http://0.0.0.0:8000 (Press CTRL+C to quit)
INFO     [app.interfaces.dependencies] Creating AuthService instance
2026-03-25 01:53:35 - app.interfaces.dependencies - INFO - Creating AuthService instance
INFO     [app.interfaces.dependencies] Creating TokenService instance
2026-03-25 01:53:35 - app.interfaces.dependencies - INFO - Creating TokenService instance
/usr/local/lib/python3.11/dist-packages/jwt/api_jwt.py:365: InsecureKeyLengthWarning: The HMAC key is 27 bytes long, which is below the minimum recommended length of 32 bytes for SHA256. See RFC 7518 Section 3.2.
  decoded = self.decode_complete(
INFO     [app.interfaces.dependencies] Creating AgentService instance
2026-03-25 01:53:35 - app.interfaces.dependencies - INFO - Creating AgentService instance
WARNING  [app.infrastructure.external.search] Bing Search Engine not initialized: missing API key (BING_SEARCH_API_KEY)
2026-03-25 01:53:35 - app.infrastructure.external.search - WARNING - Bing Search Engine not initialized: missing API key (BING_SEARCH_API_KEY)
INFO     [app.application.services.agent_service] Initializing AgentService
2026-03-25 01:53:35 - app.application.services.agent_service - INFO - Initializing AgentService
INFO     [app.domain.services.agent_domain_service] AgentDomainService initialization completed
2026-03-25 01:53:35 - app.domain.services.agent_domain_service - INFO - AgentDomainService initialization completed
INFO:     10.14.90.1:50268 - "POST /api/v1/sessions HTTP/1.1" 200 OK
INFO     [app.application.services.agent_service] Getting all sessions for user local_admin
2026-03-25 01:53:35 - app.application.services.agent_service - INFO - Getting all sessions for user local_admin
/usr/local/lib/python3.11/dist-packages/jwt/api_jwt.py:365: InsecureKeyLengthWarning: The HMAC key is 27 bytes long, which is below the minimum recommended length of 32 bytes for SHA256. See RFC 7518 Section 3.2.
  decoded = self.decode_complete(
INFO:     10.14.90.1:50280 - "POST /api/v1/sessions/88f97f1f913643b8/chat HTTP/1.1" 200 OK
INFO     [app.application.services.agent_service] Starting chat with session 88f97f1f913643b8: Hai...
2026-03-25 01:53:37 - app.application.services.agent_service - INFO - Starting chat with session 88f97f1f913643b8: Hai...
ERROR    [app.infrastructure.external.sandbox.docker_sandbox] Failed to resolve hostname e2b: [Errno -2] Name or service not known
2026-03-25 01:53:37 - app.infrastructure.external.sandbox.docker_sandbox - ERROR - Failed to resolve hostname e2b: [Errno -2] Name or service not known
INFO     [app.infrastructure.external.sandbox.docker_sandbox] Using PlaywrightBrowser engine for CDP URL: http://None:9222
2026-03-25 01:53:38 - app.infrastructure.external.sandbox.docker_sandbox - INFO - Using PlaywrightBrowser engine for CDP URL: http://None:9222
INFO     [app.infrastructure.external.task.redis_task] Task 2b7722e2-a564-447d-8909-84df5eb947f5 execution started
2026-03-25 01:53:40 - app.infrastructure.external.task.redis_task - INFO - Task 2b7722e2-a564-447d-8909-84df5eb947f5 execution started
INFO     [app.domain.services.agent_domain_service] Session 88f97f1f913643b8 started
2026-03-25 01:53:40 - app.domain.services.agent_domain_service - INFO - Session 88f97f1f913643b8 started
INFO     [app.domain.services.agent_task_runner] Agent 281a509222ea4303 message processing task started
2026-03-25 01:53:40 - app.domain.services.agent_task_runner - INFO - Agent 281a509222ea4303 message processing task started
WARNING  [app.infrastructure.external.sandbox.docker_sandbox] Failed to check supervisor status (attempt 1/30): [Errno -2] Name or service not known
2026-03-25 01:53:40 - app.infrastructure.external.sandbox.docker_sandbox - WARNING - Failed to check supervisor status (attempt 1/30): [Errno -2] Name or service not known
ERROR    [app.domain.services.agent_domain_service] Error in Session 88f97f1f913643b8
Traceback (most recent call last):
  File "/home/ubuntu/ai-manus/backend/app/domain/services/agent_domain_service.py", line 154, in chat
    event_id, event_str = await task.output_stream.get(start_id=latest_event_id, block_ms=0)
                          ^^^^^^^^^^^^^^^^^^^^^^^^^^^^^^^^^^^^^^^^^^^^^^^^^^^^^^^^^^^^^^^^^^
  File "/home/ubuntu/ai-manus/backend/app/infrastructure/external/message_queue/redis_stream_queue.py", line 105, in get
    messages = await self._redis.client.xread(
               ^^^^^^^^^^^^^^^^^^^^^^^^^^^^^^^
  File "/usr/local/lib/python3.11/dist-packages/redis/commands/core.py", line 4462, in _record_and_return
    actual_response = await response
                      ^^^^^^^^^^^^^^
  File "/usr/local/lib/python3.11/dist-packages/redis/asyncio/client.py", line 781, in execute_command
    result = await conn.retry.call_with_retry(
             ^^^^^^^^^^^^^^^^^^^^^^^^^^^^^^^^^
  File "/usr/local/lib/python3.11/dist-packages/redis/asyncio/retry.py", line 69, in call_with_retry
    return await do()
           ^^^^^^^^^^
  File "/usr/local/lib/python3.11/dist-packages/redis/asyncio/client.py", line 722, in _send_command_parse_response
    return await self.parse_response(conn, command_name, **options)
           ^^^^^^^^^^^^^^^^^^^^^^^^^^^^^^^^^^^^^^^^^^^^^^^^^^^^^^^^
  File "/usr/local/lib/python3.11/dist-packages/redis/asyncio/client.py", line 823, in parse_response
    response = await connection.read_response()
               ^^^^^^^^^^^^^^^^^^^^^^^^^^^^^^^^
  File "/usr/local/lib/python3.11/dist-packages/redis/asyncio/connection.py", line 762, in read_response
    raise response from None
redis.exceptions.ResponseError: Invalid stream ID specified as stream command argument
2026-03-25 01:53:40 - app.domain.services.agent_domain_service - ERROR - Error in Session 88f97f1f913643b8
Traceback (most recent call last):
  File "/home/ubuntu/ai-manus/backend/app/domain/services/agent_domain_service.py", line 154, in chat
    event_id, event_str = await task.output_stream.get(start_id=latest_event_id, block_ms=0)
                          ^^^^^^^^^^^^^^^^^^^^^^^^^^^^^^^^^^^^^^^^^^^^^^^^^^^^^^^^^^^^^^^^^^
  File "/home/ubuntu/ai-manus/backend/app/infrastructure/external/message_queue/redis_stream_queue.py", line 105, in get
    messages = await self._redis.client.xread(
               ^^^^^^^^^^^^^^^^^^^^^^^^^^^^^^^
  File "/usr/local/lib/python3.11/dist-packages/redis/commands/core.py", line 4462, in _record_and_return
    actual_response = await response
                      ^^^^^^^^^^^^^^
  File "/usr/local/lib/python3.11/dist-packages/redis/asyncio/client.py", line 781, in execute_command
    result = await conn.retry.call_with_retry(
             ^^^^^^^^^^^^^^^^^^^^^^^^^^^^^^^^^
  File "/usr/local/lib/python3.11/dist-packages/redis/asyncio/retry.py", line 69, in call_with_retry
    return await do()
           ^^^^^^^^^^
  File "/usr/local/lib/python3.11/dist-packages/redis/asyncio/client.py", line 722, in _send_command_parse_response
    return await self.parse_response(conn, command_name, **options)
           ^^^^^^^^^^^^^^^^^^^^^^^^^^^^^^^^^^^^^^^^^^^^^^^^^^^^^^^^
  File "/usr/local/lib/python3.11/dist-packages/redis/asyncio/client.py", line 823, in parse_response
    response = await connection.read_response()
               ^^^^^^^^^^^^^^^^^^^^^^^^^^^^^^^^
  File "/usr/local/lib/python3.11/dist-packages/redis/asyncio/connection.py", line 762, in read_response
    raise response from None
redis.exceptions.ResponseError: Invalid stream ID specified as stream command argument
INFO     [app.application.services.agent_service] Chat with session 88f97f1f913643b8 completed
2026-03-25 01:53:40 - app.application.services.agent_service - INFO - Chat with session 88f97f1f913643b8 completed
INFO     [app.application.services.agent_service] Getting all sessions for user local_admin
2026-03-25 01:53:40 - app.application.services.agent_service - INFO - Getting all sessions for user local_admin
WARNING  [app.infrastructure.external.sandbox.docker_sandbox] Failed to check supervisor status (attempt 2/30): [Errno -2] Name or service not known
2026-03-25 01:53:42 - app.infrastructure.external.sandbox.docker_sandbox - WARNING - Failed to check supervisor status (attempt 2/30): [Errno -2] Name or service not known
WARNING  [app.infrastructure.external.sandbox.docker_sandbox] Failed to check supervisor status (attempt 3/30): [Errno -2] Name or service not known
2026-03-25 01:53:44 - app.infrastructure.external.sandbox.docker_sandbox - WARNING - Failed to check supervisor status (attempt 3/30): [Errno -2] Name or service not known
INFO     [app.application.services.agent_service] Getting all sessions for user local_admin
2026-03-25 01:53:45 - app.application.services.agent_service - INFO - Getting all sessions for user local_admin
WARNING  [app.infrastructure.external.sandbox.docker_sandbox] Failed to check supervisor status (attempt 4/30): [Errno -2] Name or service not known
2026-03-25 01:53:46 - app.infrastructure.external.sandbox.docker_sandbox - WARNING - Failed to check supervisor status (attempt 4/30): [Errno -2] Name or service not known
WARNING  [app.infrastructure.external.sandbox.docker_sandbox] Failed to check supervisor status (attempt 5/30): [Errno -2] Name or service not known
2026-03-25 01:53:48 - app.infrastructure.external.sandbox.docker_sandbox - WARNING - Failed to check supervisor status (attempt 5/30): [Errno -2] Name or service not known
WARNING  [app.infrastructure.external.sandbox.docker_sandbox] Failed to check supervisor status (attempt 6/30): [Errno -2] Name or service not known
2026-03-25 01:53:50 - app.infrastructure.external.sandbox.docker_sandbox - WARNING - Failed to check supervisor status (attempt 6/30): [Errno -2] Name or service not known
INFO     [app.application.services.agent_service] Getting all sessions for user local_admin
2026-03-25 01:53:50 - app.application.services.agent_service - INFO - Getting all sessions for user local_admin
WARNING  [app.infrastructure.external.sandbox.docker_sandbox] Failed to check supervisor status (attempt 7/30): [Errno -2] Name or service not known
2026-03-25 01:53:52 - app.infrastructure.external.sandbox.docker_sandbox - WARNING - Failed to check supervisor status (attempt 7/30): [Errno -2] Name or service not known
WARNING  [app.infrastructure.external.sandbox.docker_sandbox] Failed to check supervisor status (attempt 8/30): [Errno -2] Name or service not known
2026-03-25 01:53:54 - app.infrastructure.external.sandbox.docker_sandbox - WARNING - Failed to check supervisor status (attempt 8/30): [Errno -2] Name or service not known
INFO     [app.application.services.agent_service] Getting all sessions for user local_admin
2026-03-25 01:53:55 - app.application.services.agent_service - INFO - Getting all sessions for user local_admin
WARNING  [app.infrastructure.external.sandbox.docker_sandbox] Failed to check supervisor status (attempt 9/30): [Errno -2] Name or service not known
2026-03-25 01:53:56 - app.infrastructure.external.sandbox.docker_sandbox - WARNING - Failed to check supervisor status (attempt 9/30): [Errno -2] Name or service not known
WARNING  [app.infrastructure.external.sandbox.docker_sandbox] Failed to check supervisor status (attempt 10/30): [Errno -2] Name or service not known
2026-03-25 01:53:58 - app.infrastructure.external.sandbox.docker_sandbox - WARNING - Failed to check supervisor status (attempt 10/30): [Errno -2] Name or service not known
WARNING  [app.infrastructure.external.sandbox.docker_sandbox] Failed to check supervisor status (attempt 11/30): [Errno -2] Name or service not known
2026-03-25 01:54:00 - app.infrastructure.external.sandbox.docker_sandbox - WARNING - Failed to check supervisor status (attempt 11/30): [Errno -2] Name or service not known
INFO     [app.application.services.agent_service] Getting all sessions for user local_admin
2026-03-25 01:54:00 - app.application.services.agent_service - INFO - Getting all sessions for user local_admin
WARNING  [app.infrastructure.external.sandbox.docker_sandbox] Failed to check supervisor status (attempt 12/30): [Errno -2] Name or service not known
2026-03-25 01:54:02 - app.infrastructure.external.sandbox.docker_sandbox - WARNING - Failed to check supervisor status (attempt 12/30): [Errno -2] Name or service not known
WARNING  [app.infrastructure.external.sandbox.docker_sandbox] Failed to check supervisor status (attempt 13/30): [Errno -2] Name or service not known
2026-03-25 01:54:04 - app.infrastructure.external.sandbox.docker_sandbox - WARNING - Failed to check supervisor status (attempt 13/30): [Errno -2] Name or service not known
INFO     [app.application.services.agent_service] Getting all sessions for user local_admin
2026-03-25 01:54:05 - app.application.services.agent_service - INFO - Getting all sessions for user local_admin
WARNING  [app.infrastructure.external.sandbox.docker_sandbox] Failed to check supervisor status (attempt 14/30): [Errno -2] Name or service not known
2026-03-25 01:54:06 - app.infrastructure.external.sandbox.docker_sandbox - WARNING - Failed to check supervisor status (attempt 14/30): [Errno -2] Name or service not known
WARNING  [app.infrastructure.external.sandbox.docker_sandbox] Failed to check supervisor status (attempt 15/30): [Errno -2] Name or service not known
2026-03-25 01:54:08 - app.infrastructure.external.sandbox.docker_sandbox - WARNING - Failed to check supervisor status (attempt 15/30): [Errno -2] Name or service not known
WARNING  [app.infrastructure.external.sandbox.docker_sandbox] Failed to check supervisor status (attempt 16/30): [Errno -2] Name or service not known
2026-03-25 01:54:10 - app.infrastructure.external.sandbox.docker_sandbox - WARNING - Failed to check supervisor status (attempt 16/30): [Errno -2] Name or service not known
INFO     [app.application.services.agent_service] Getting all sessions for user local_admin
2026-03-25 01:54:11 - app.application.services.agent_service - INFO - Getting all sessions for user local_admin
WARNING  [app.infrastructure.external.sandbox.docker_sandbox] Failed to check supervisor status (attempt 17/30): [Errno -2] Name or service not known
2026-03-25 01:54:12 - app.infrastructure.external.sandbox.docker_sandbox - WARNING - Failed to check supervisor status (attempt 17/30): [Errno -2] Name or service not known
